2015-08-16 at 11:18:50 CST INFO  com.boc.utils.ParseProperty 27 loadProperties - ¼ÓÔØD:\eclipse workspace\ZhongYinYiShang\src\main\resources\config.properties³É¹¦
2015-08-16 at 11:18:50 CST INFO  com.boc.utils.ParseProperty 18 <init> - ÕÒ²»µ½Ö¸¶¨Â·¾¶D:\eclipse workspace\ZhongYinYiShang\src\main\resources\config.properties
2015-08-16 at 11:20:18 CST INFO  com.boc.utils.ParseProperty 26 loadProperties - ¼ÓÔØD:\eclipse workspace\ZhongYinYiShang\src\main\resources\config.properties³É¹¦
2015-08-16 at 11:28:03 CST INFO  com.boc.utils.ParseProperty 33 loadProperties - ¼ÓÔØD:\eclipse workspace\ZhongYinYiShang\main\resourcesconfig.propertiesÊ§°Ü
2015-08-16 at 11:28:52 CST INFO  com.boc.utils.ParseProperty 33 loadProperties - ¼ÓÔØD:\eclipse workspace\ZhongYinYiShang\main\resources\config.propertiesÊ§°Ü
2015-08-16 at 11:32:57 CST INFO  com.boc.utils.ParseProperty 34 loadProperties - ¼ÓÔØD:\eclipse workspace\ZhongYinYiShang\main\resources\config.propertiesÊ§°Ü
2015-08-16 at 11:33:26 CST INFO  com.boc.utils.ParseProperty 31 loadProperties - ¼ÓÔØD:\eclipse workspace\ZhongYinYiShang\src\main\resources\config.properties³É¹¦
2015-08-16 at 11:34:30 CST INFO  com.boc.utils.ParseProperty 30 loadProperties - ¼ÓÔØD:\eclipse workspace\ZhongYinYiShang\src\main\resources\config.properties³É¹¦
2015-08-16 at 11:40:16 CST INFO  com.boc.utils.ParseProperty 29 loadProperties - ¼ÓÔØD:\eclipse workspace\ZhongYinYiShang\src\main\resources\config.properties³É¹¦
2015-08-16 at 11:40:16 CST INFO  com.boc.utils.ParseProperty 40 getValue - ²éÕÒÔªËØtt³É¹¦
2015-08-16 at 11:41:58 CST INFO  com.boc.utils.ParseProperty 29 loadProperties - ¼ÓÔØD:\eclipse workspace\ZhongYinYiShang\src\main\resources\config.properties³É¹¦
2015-08-16 at 11:41:58 CST INFO  com.boc.utils.ParseProperty 43 getValue - ²éÕÒÔªËØtt³É¹¦
2015-08-16 at 11:43:10 CST INFO  com.boc.utils.ParseProperty 29 loadProperties - ¼ÓÔØD:\eclipse workspace\ZhongYinYiShang\src\main\resources\config.properties³É¹¦
2015-08-16 at 11:43:47 CST INFO  com.boc.utils.ParseProperty 29 loadProperties - ¼ÓÔØ    D:\eclipse workspace\ZhongYinYiShang\src\main\resources\config.properties  ³É¹¦
2015-08-16 at 12:32:06 CST INFO  com.boc.utils.ParseProperty 29 loadProperties - ¼ÓÔØ    D:\eclipse workspace\ZhongYinYiShang\src\main\resources\config.properties³É¹¦
2015-08-16 at 12:32:32 CST INFO  com.boc.android.CopyOfInitAndroidDriver 47 main - ¼ÓÔØdriver³É¹¦
2015-08-16 at 12:34:44 CST INFO  com.boc.utils.ParseProperty 29 loadProperties - ¼ÓÔØ    D:\eclipse workspace\ZhongYinYiShang\src\main\resources\config.properties³É¹¦
2015-08-16 at 12:39:15 CST INFO  com.boc.utils.ParseProperty 29 loadProperties - ¼ÓÔØ    D:\eclipse workspace\ZhongYinYiShang\src\main\resources\config.properties³É¹¦
2015-08-16 at 12:39:30 CST INFO  com.boc.android.CopyOfInitAndroidDriver 47 main - ¼ÓÔØdriver³É¹¦
2015-08-16 at 12:43:42 CST INFO  com.boc.utils.ParseProperty 29 loadProperties - ¼ÓÔØ    D:\eclipse workspace\ZhongYinYiShang\src\main\resources\config.properties³É¹¦
2015-08-16 at 12:43:57 CST INFO  com.boc.android.CopyOfInitAndroidDriver 47 main - ¼ÓÔØdriver³É¹¦
2015-08-16 at 12:48:24 CST INFO  com.boc.utils.ParseProperty 29 loadProperties - ¼ÓÔØ    D:\eclipse workspace\ZhongYinYiShang\src\main\resources\config.properties³É¹¦
2015-08-16 at 12:48:39 CST INFO  com.boc.android.CopyOfInitAndroidDriver 47 main - ¼ÓÔØdriver³É¹¦
2015-08-16 at 12:49:10 CST INFO  com.boc.utils.ParseProperty 29 loadProperties - ¼ÓÔØ    D:\eclipse workspace\ZhongYinYiShang\src\main\resources\config.properties³É¹¦
2015-08-16 at 12:49:16 CST INFO  com.boc.utils.ParseProperty 29 loadProperties - ¼ÓÔØ    D:\eclipse workspace\ZhongYinYiShang\src\main\resources\config.properties³É¹¦
2015-08-16 at 12:49:25 CST INFO  com.boc.utils.ParseProperty 29 loadProperties - ¼ÓÔØ    D:\eclipse workspace\ZhongYinYiShang\src\main\resources\config.properties³É¹¦
2015-08-16 at 12:49:45 CST INFO  com.boc.utils.ParseProperty 29 loadProperties - ¼ÓÔØ    D:\eclipse workspace\ZhongYinYiShang\src\main\resources\config.properties³É¹¦
2015-08-16 at 12:56:48 CST INFO  com.boc.utils.ParseProperty 29 loadProperties - ¼ÓÔØ    D:\eclipse workspace\ZhongYinYiShang\src\main\resources\config.properties³É¹¦
2015-08-16 at 12:56:59 CST INFO  com.boc.utils.ParseProperty 29 loadProperties - ¼ÓÔØ    D:\eclipse workspace\ZhongYinYiShang\src\main\resources\config.properties³É¹¦
2015-08-16 at 12:57:32 CST INFO  com.boc.utils.ParseProperty 29 loadProperties - ¼ÓÔØ    D:\eclipse workspace\ZhongYinYiShang\src\main\resources\config.properties³É¹¦
2015-08-16 at 13:00:34 CST INFO  com.boc.utils.ParseProperty 29 loadProperties - ¼ÓÔØ    D:\eclipse workspace\ZhongYinYiShang\src\main\resources\config.properties³É¹¦
2015-08-16 at 13:00:49 CST INFO  com.boc.android.InitAndroidDriver 47 createDriver - ¼ÓÔØdriver³É¹¦
2015-08-16 at 13:00:53 CST INFO  com.boc.android.InitAndroidDriver 66 quitDriver - ÍË³ö³É¹¦
2015-08-16 at 13:03:27 CST INFO  com.boc.utils.ParseProperty 29 loadProperties - ¼ÓÔØ    D:\eclipse workspace\ZhongYinYiShang\src\main\resources\config.properties³É¹¦
2015-08-16 at 13:03:42 CST INFO  com.boc.android.InitAndroidDriver 47 createDriver - ¼ÓÔØdriver³É¹¦
2015-08-16 at 13:03:47 CST INFO  com.boc.android.InitAndroidDriver 66 quitDriver - ÍË³ö³É¹¦
2015-08-16 at 14:16:33 CST INFO  com.boc.utils.ParseProperty 29 loadProperties - åŠ è½½    D:\eclipse workspace\ZhongYinYiShang\src\main\resources\config.propertiesæˆåŠŸ
2015-08-16 at 14:40:24 CST INFO  com.boc.utils.ParseProperty 29 loadProperties - åŠ è½½    D:\eclipse workspace\ZhongYinYiShang\src\main\resources\config.propertiesæˆåŠŸ
2015-08-16 at 14:40:45 CST INFO  com.boc.android.InitAndroidDriver 47 createDriver - ï¿½ï¿½ï¿½ï¿½driverï¿½É¹ï¿½
2015-08-16 at 14:40:51 CST INFO  com.boc.android.InitAndroidDriver 66 quitDriver - ï¿½Ë³ï¿½ï¿½É¹ï¿½
2015-08-16 at 14:52:11 CST INFO  com.boc.utils.ParseProperty 29 loadProperties - åŠ è½½    D:\eclipse workspace\ZhongYinYiShang\src\main\resources\config.propertiesæˆåŠŸ
2015-08-16 at 14:52:25 CST INFO  com.boc.android.InitAndroidDriver 47 createDriver - ï¿½ï¿½ï¿½ï¿½driverï¿½É¹ï¿½
2015-08-16 at 14:52:30 CST INFO  com.boc.android.InitAndroidDriver 66 quitDriver - ï¿½Ë³ï¿½ï¿½É¹ï¿½
2015-08-16 at 15:46:50 CST INFO  com.boc.utils.ParseProperty 29 loadProperties - åŠ è½½    D:\eclipse workspace\ZhongYinYiShang\src\main\resources\config.propertiesæˆåŠŸ
2015-08-16 at 15:47:06 CST INFO  com.boc.android.AndroidDriverApi 46 <init> - appium serverå¯åŠ¨æˆåŠŸï¼Œurlä¸ºï¼šhttp://127.0.0.1:4723/wd/hub
2015-08-16 at 15:47:06 CST INFO  com.boc.android.InitAndroidDriver 47 createDriver - åŠ è½½driveræˆåŠŸ
2015-08-16 at 15:47:09 CST INFO  com.boc.android.AndroidDriverApi 59 findElementById - æ‰¾åˆ°æ§ä»¶ï¼šç¡®å®š
2015-08-16 at 15:47:13 CST INFO  com.boc.binfengshenghuoTest.Page.WelcomePage 29 enter - æˆåŠŸè¿›å…¥HomePage
2015-08-16 at 15:51:47 CST INFO  com.boc.utils.ParseProperty 29 loadProperties - åŠ è½½    D:\eclipse workspace\ZhongYinYiShang\src\main\resources\config.propertiesæˆåŠŸ
2015-08-16 at 15:52:01 CST INFO  com.boc.android.AndroidDriverApi 46 <init> - appium serverå¯åŠ¨æˆåŠŸï¼Œurlä¸ºï¼šhttp://127.0.0.1:4723/wd/hub
2015-08-16 at 15:52:01 CST INFO  com.boc.android.InitAndroidDriver 47 createDriver - åŠ è½½driveræˆåŠŸ
2015-08-16 at 15:52:05 CST INFO  com.boc.android.AndroidDriverApi 59 findElementById - æ‰¾åˆ°æ§ä»¶ï¼šç¡®å®š
2015-08-16 at 15:52:09 CST INFO  com.boc.binfengshenghuoTest.Page.WelcomePage 29 enter - æˆåŠŸè¿›å…¥HomePage
2015-08-16 at 15:53:13 CST INFO  com.boc.utils.ParseProperty 29 loadProperties - åŠ è½½    D:\eclipse workspace\ZhongYinYiShang\src\main\resources\config.propertiesæˆåŠŸ
2015-08-16 at 15:53:28 CST INFO  com.boc.android.AndroidDriverApi 46 <init> - appium serverå¯åŠ¨æˆåŠŸï¼Œurlä¸ºï¼šhttp://127.0.0.1:4723/wd/hub
2015-08-16 at 15:53:28 CST INFO  com.boc.android.InitAndroidDriver 47 createDriver - åŠ è½½driveræˆåŠŸ
2015-08-16 at 15:55:46 CST INFO  com.boc.utils.ParseProperty 29 loadProperties - åŠ è½½    D:\eclipse workspace\ZhongYinYiShang\src\main\resources\config.propertiesæˆåŠŸ
2015-08-16 at 15:56:01 CST INFO  com.boc.android.AndroidDriverApi 46 <init> - appium serverå¯åŠ¨æˆåŠŸï¼Œurlä¸ºï¼šhttp://127.0.0.1:4723/wd/hub
2015-08-16 at 15:56:01 CST INFO  com.boc.android.InitAndroidDriver 47 createDriver - åŠ è½½driveræˆåŠŸ
2015-08-16 at 15:56:04 CST INFO  com.boc.android.AndroidDriverApi 59 findElementById - æ‰¾åˆ°æ§ä»¶ï¼šç¡®å®š
2015-08-16 at 15:56:08 CST INFO  com.boc.binfengshenghuoTest.Page.WelcomePage 29 enter - æˆåŠŸè¿›å…¥HomePage
2015-08-16 at 15:57:49 CST INFO  com.boc.utils.ParseProperty 29 loadProperties - åŠ è½½    D:\eclipse workspace\ZhongYinYiShang\src\main\resources\config.propertiesæˆåŠŸ
2015-08-16 at 15:58:05 CST INFO  com.boc.android.AndroidDriverApi 46 <init> - appium serverå¯åŠ¨æˆåŠŸï¼Œurlä¸ºï¼šhttp://127.0.0.1:4723/wd/hub
2015-08-16 at 15:58:05 CST INFO  com.boc.android.InitAndroidDriver 47 createDriver - åŠ è½½driveræˆåŠŸ
2015-08-16 at 15:58:08 CST INFO  com.boc.android.AndroidDriverApi 59 findElementById - æ‰¾åˆ°æ§ä»¶ï¼šç¡®å®š
2015-08-16 at 15:58:11 CST INFO  com.boc.binfengshenghuoTest.Page.WelcomePage 29 enter - æˆåŠŸè¿›å…¥HomePage
2015-08-16 at 15:59:30 CST INFO  com.boc.utils.ParseProperty 29 loadProperties - åŠ è½½    D:\eclipse workspace\ZhongYinYiShang\src\main\resources\config.propertiesæˆåŠŸ
2015-08-16 at 15:59:45 CST INFO  com.boc.android.AndroidDriverApi 46 <init> - appium serverå¯åŠ¨æˆåŠŸï¼Œurlä¸ºï¼šhttp://127.0.0.1:4723/wd/hub
2015-08-16 at 15:59:45 CST INFO  com.boc.android.InitAndroidDriver 47 createDriver - åŠ è½½driveræˆåŠŸ
2015-08-16 at 15:59:48 CST INFO  com.boc.android.AndroidDriverApi 59 findElementById - æ‰¾åˆ°æ§ä»¶ï¼šç¡®å®š
2015-08-16 at 15:59:52 CST INFO  com.boc.binfengshenghuoTest.Page.WelcomePage 29 enter - æˆåŠŸè¿›å…¥HomePage
2015-08-16 at 15:59:52 CST INFO  com.boc.binfengshenghuoTest.Page.HomePage 21 <init> - åˆå§‹åŒ–HomePageå…ƒç´ æˆåŠŸ
2015-08-16 at 16:01:28 CST INFO  com.boc.utils.ParseProperty 29 loadProperties - åŠ è½½    D:\eclipse workspace\ZhongYinYiShang\src\main\resources\config.propertiesæˆåŠŸ
2015-08-16 at 16:01:43 CST INFO  com.boc.android.AndroidDriverApi 46 <init> - appium serverå¯åŠ¨æˆåŠŸï¼Œurlä¸ºï¼šhttp://127.0.0.1:4723/wd/hub
2015-08-16 at 16:01:43 CST INFO  com.boc.android.InitAndroidDriver 47 createDriver - åŠ è½½driveræˆåŠŸ
2015-08-16 at 16:01:46 CST INFO  com.boc.android.AndroidDriverApi 59 findElementById - æ‰¾åˆ°æ§ä»¶ï¼šç¡®å®š
2015-08-16 at 16:01:50 CST INFO  com.boc.binfengshenghuoTest.Page.WelcomePage 29 enter - æˆåŠŸè¿›å…¥HomePage
2015-08-16 at 16:01:50 CST INFO  com.boc.binfengshenghuoTest.Page.HomePage 21 <init> - åˆå§‹åŒ–HomePageå…ƒç´ æˆåŠŸ
2015-08-16 at 16:01:50 CST INFO  com.boc.binfenshenghuoTest.HomeTest 33 homeTest - åˆ›å»ºHomePageå¯¹è±¡æˆåŠŸ
2015-08-16 at 16:03:10 CST INFO  com.boc.utils.ParseProperty 29 loadProperties - åŠ è½½    D:\eclipse workspace\ZhongYinYiShang\src\main\resources\config.propertiesæˆåŠŸ
2015-08-16 at 16:03:25 CST INFO  com.boc.android.AndroidDriverApi 46 <init> - appium serverå¯åŠ¨æˆåŠŸï¼Œurlä¸ºï¼šhttp://127.0.0.1:4723/wd/hub
2015-08-16 at 16:03:25 CST INFO  com.boc.android.InitAndroidDriver 47 createDriver - åŠ è½½driveræˆåŠŸ
2015-08-16 at 16:03:28 CST INFO  com.boc.android.AndroidDriverApi 59 findElementById - æ‰¾åˆ°æ§ä»¶ï¼šç¡®å®š
2015-08-16 at 16:03:32 CST INFO  com.boc.binfengshenghuoTest.Page.WelcomePage 29 enter - æˆåŠŸè¿›å…¥HomePage
2015-08-16 at 16:03:32 CST INFO  com.boc.binfengshenghuoTest.Page.HomePage 21 <init> - åˆå§‹åŒ–HomePageå…ƒç´ æˆåŠŸ
2015-08-16 at 16:03:32 CST INFO  com.boc.binfenshenghuoTest.HomeTest 33 homeTest - åˆ›å»ºHomePageå¯¹è±¡æˆåŠŸ
2015-08-16 at 16:04:20 CST INFO  com.boc.utils.ParseProperty 29 loadProperties - åŠ è½½    D:\eclipse workspace\ZhongYinYiShang\src\main\resources\config.propertiesæˆåŠŸ
2015-08-16 at 16:04:34 CST INFO  com.boc.android.AndroidDriverApi 46 <init> - appium serverå¯åŠ¨æˆåŠŸï¼Œurlä¸ºï¼šhttp://127.0.0.1:4723/wd/hub
2015-08-16 at 16:04:34 CST INFO  com.boc.android.InitAndroidDriver 47 createDriver - åŠ è½½driveræˆåŠŸ
2015-08-16 at 16:04:38 CST INFO  com.boc.android.AndroidDriverApi 59 findElementById - æ‰¾åˆ°æ§ä»¶ï¼šç¡®å®š
2015-08-16 at 16:04:42 CST INFO  com.boc.binfengshenghuoTest.Page.WelcomePage 29 enter - æˆåŠŸè¿›å…¥HomePage
2015-08-16 at 16:04:42 CST INFO  com.boc.binfengshenghuoTest.Page.HomePage 21 <init> - åˆå§‹åŒ–HomePageå…ƒç´ æˆåŠŸ
2015-08-16 at 16:04:42 CST INFO  com.boc.binfenshenghuoTest.HomeTest 33 homeTest - åˆ›å»ºHomePageå¯¹è±¡æˆåŠŸ
2015-08-16 at 16:09:57 CST INFO  com.boc.utils.ParseProperty 29 loadProperties - åŠ è½½    D:\eclipse workspace\ZhongYinYiShang\src\main\resources\config.propertiesæˆåŠŸ
2015-08-16 at 16:10:12 CST INFO  com.boc.android.AndroidDriverApi 46 <init> - appium serverå¯åŠ¨æˆåŠŸï¼Œurlä¸ºï¼šhttp://127.0.0.1:4723/wd/hub
2015-08-16 at 16:10:12 CST INFO  com.boc.android.InitAndroidDriver 47 createDriver - åŠ è½½driveræˆåŠŸ
2015-08-16 at 16:10:15 CST INFO  com.boc.android.AndroidDriverApi 59 findElementById - æ‰¾åˆ°æ§ä»¶ï¼šç¡®å®š
2015-08-16 at 16:10:19 CST INFO  com.boc.binfengshenghuoTest.Page.WelcomePage 29 enter - æˆåŠŸè¿›å…¥HomePage
2015-08-16 at 16:10:19 CST INFO  com.boc.binfengshenghuoTest.Page.HomePage 21 <init> - åˆå§‹åŒ–HomePageå…ƒç´ æˆåŠŸ
2015-08-16 at 16:10:19 CST INFO  com.boc.binfenshenghuoTest.HomeTest 32 homeTest - åˆ›å»ºHomePageå¯¹è±¡æˆåŠŸ
2015-08-16 at 16:12:26 CST INFO  com.boc.utils.ParseProperty 29 loadProperties - åŠ è½½    D:\eclipse workspace\ZhongYinYiShang\src\main\resources\config.propertiesæˆåŠŸ
2015-08-16 at 16:12:45 CST INFO  com.boc.android.AndroidDriverApi 46 <init> - appium serverå¯åŠ¨æˆåŠŸï¼Œurlä¸ºï¼šhttp://127.0.0.1:4723/wd/hub
2015-08-16 at 16:12:45 CST INFO  com.boc.android.InitAndroidDriver 47 createDriver - åŠ è½½driveræˆåŠŸ
2015-08-16 at 16:12:48 CST INFO  com.boc.android.AndroidDriverApi 59 findElementById - æ‰¾åˆ°æ§ä»¶ï¼šç¡®å®š
2015-08-16 at 16:12:52 CST INFO  com.boc.binfengshenghuoTest.Page.WelcomePage 29 enter - æˆåŠŸè¿›å…¥HomePage
2015-08-16 at 16:12:52 CST INFO  com.boc.binfengshenghuoTest.Page.HomePage 21 <init> - åˆå§‹åŒ–HomePageå…ƒç´ æˆåŠŸ
2015-08-16 at 16:12:52 CST INFO  com.boc.binfenshenghuoTest.HomeTest 32 homeTest - åˆ›å»ºHomePageå¯¹è±¡æˆåŠŸ
2015-08-16 at 16:14:43 CST INFO  com.boc.utils.ParseProperty 29 loadProperties - åŠ è½½    D:\eclipse workspace\ZhongYinYiShang\src\main\resources\config.propertiesæˆåŠŸ
2015-08-16 at 16:15:01 CST INFO  com.boc.android.AndroidDriverApi 46 <init> - appium serverå¯åŠ¨æˆåŠŸï¼Œurlä¸ºï¼šhttp://127.0.0.1:4723/wd/hub
2015-08-16 at 16:15:01 CST INFO  com.boc.android.InitAndroidDriver 47 createDriver - åŠ è½½driveræˆåŠŸ
2015-08-16 at 16:15:04 CST INFO  com.boc.android.AndroidDriverApi 59 findElementById - æ‰¾åˆ°æ§ä»¶ï¼šç¡®å®š
2015-08-16 at 16:15:08 CST INFO  com.boc.binfengshenghuoTest.Page.WelcomePage 29 enter - æˆåŠŸè¿›å…¥HomePage
2015-08-16 at 16:15:08 CST INFO  com.boc.binfengshenghuoTest.Page.HomePage 21 <init> - åˆå§‹åŒ–HomePageå…ƒç´ æˆåŠŸ
2015-08-16 at 16:15:08 CST INFO  com.boc.binfenshenghuoTest.HomeTest 32 homeTest - åˆ›å»ºHomePageå¯¹è±¡æˆåŠŸ
2015-08-16 at 16:18:13 CST INFO  com.boc.utils.ParseProperty 29 loadProperties - åŠ è½½    D:\eclipse workspace\ZhongYinYiShang\src\main\resources\config.propertiesæˆåŠŸ
2015-08-16 at 16:18:31 CST INFO  com.boc.android.AndroidDriverApi 46 <init> - appium serverå¯åŠ¨æˆåŠŸï¼Œurlä¸ºï¼šhttp://127.0.0.1:4723/wd/hub
2015-08-16 at 16:18:31 CST INFO  com.boc.android.InitAndroidDriver 47 createDriver - åŠ è½½driveræˆåŠŸ
2015-08-16 at 16:18:31 CST INFO  com.boc.binfengshenghuoTest.Page.WelcomePage 22 <init> - æˆåŠŸè¿›å…¥WelcomPageç•Œé¢
2015-08-16 at 16:18:37 CST INFO  com.boc.android.AndroidDriverApi 59 findElementById - æ‰¾åˆ°æ§ä»¶ï¼šç¡®å®š
2015-08-16 at 16:18:41 CST INFO  com.boc.binfengshenghuoTest.Page.WelcomePage 30 enter - æˆåŠŸè¿›å…¥HomePage
2015-08-16 at 16:18:41 CST INFO  com.boc.binfengshenghuoTest.Page.HomePage 21 <init> - åˆå§‹åŒ–HomePageå…ƒç´ æˆåŠŸ
2015-08-16 at 16:18:41 CST INFO  com.boc.binfenshenghuoTest.HomeTest 32 homeTest - åˆ›å»ºHomePageå¯¹è±¡æˆåŠŸ
2015-08-16 at 16:31:02 CST INFO  com.boc.utils.ParseProperty 29 loadProperties - åŠ è½½    D:\eclipse workspace\ZhongYinYiShang\src\main\resources\config.propertiesæˆåŠŸ
2015-08-16 at 16:31:20 CST INFO  com.boc.android.AndroidDriverApi 46 <init> - appium serverå¯åŠ¨æˆåŠŸï¼Œurlä¸ºï¼šhttp://127.0.0.1:4723/wd/hub
2015-08-16 at 16:31:20 CST INFO  com.boc.android.InitAndroidDriver 47 createDriver - åŠ è½½driveræˆåŠŸ
2015-08-16 at 16:31:20 CST INFO  com.boc.binfengshenghuoTest.Page.WelcomePage 22 <init> - æˆåŠŸè¿›å…¥WelcomPageç•Œé¢
2015-08-16 at 16:31:24 CST INFO  com.boc.android.AndroidDriverApi 59 findElementById - æ‰¾åˆ°æ§ä»¶ï¼šç¡®å®š
2015-08-16 at 16:31:28 CST INFO  com.boc.binfengshenghuoTest.Page.WelcomePage 30 enter - å‡†å¤‡è¿›å…¥HomePage
2015-08-16 at 16:31:28 CST INFO  com.boc.binfengshenghuoTest.Page.HomePage 21 <init> - åˆå§‹åŒ–HomePageå…ƒç´ æˆåŠŸ
2015-08-16 at 16:31:28 CST INFO  com.boc.binfenshenghuoTest.HomeTest 36 homeTest - åˆ›å»ºHomePageå¯¹è±¡æˆåŠŸ
2015-08-16 at 16:38:01 CST INFO  com.boc.utils.ParseProperty 29 loadProperties - åŠ è½½    D:\eclipse workspace\ZhongYinYiShang\src\main\resources\config.propertiesæˆåŠŸ
2015-08-16 at 16:38:18 CST INFO  com.boc.android.AndroidDriverApi 46 <init> - appium serverå¯åŠ¨æˆåŠŸï¼Œurlä¸ºï¼šhttp://127.0.0.1:4723/wd/hub
2015-08-16 at 16:38:18 CST INFO  com.boc.android.InitAndroidDriver 47 createDriver - åŠ è½½driveræˆåŠŸ
2015-08-16 at 16:38:18 CST INFO  com.boc.binfengshenghuoTest.Page.WelcomePage 22 <init> - æˆåŠŸè¿›å…¥WelcomPageç•Œé¢
2015-08-16 at 16:38:21 CST INFO  com.boc.android.AndroidDriverApi 59 findElementById - æ‰¾åˆ°æ§ä»¶ï¼šå–æ¶ˆ
2015-08-16 at 16:38:25 CST INFO  com.boc.binfengshenghuoTest.Page.WelcomePage 30 enter - å‡†å¤‡è¿›å…¥HomePage
2015-08-16 at 16:38:25 CST INFO  com.boc.binfengshenghuoTest.Page.HomePage 21 <init> - åˆå§‹åŒ–HomePageå…ƒç´ æˆåŠŸ
2015-08-16 at 16:42:54 CST INFO  com.boc.utils.ParseProperty 29 loadProperties - åŠ è½½    D:\eclipse workspace\ZhongYinYiShang\src\main\resources\config.propertiesæˆåŠŸ
2015-08-16 at 16:43:09 CST INFO  com.boc.android.AndroidDriverApi 46 <init> - appium serverå¯åŠ¨æˆåŠŸï¼Œurlä¸ºï¼šhttp://127.0.0.1:4723/wd/hub
2015-08-16 at 16:43:09 CST INFO  com.boc.android.InitAndroidDriver 47 createDriver - åŠ è½½driveræˆåŠŸ
2015-08-16 at 16:43:09 CST INFO  com.boc.binfengshenghuoTest.Page.WelcomePage 22 <init> - æˆåŠŸè¿›å…¥WelcomPageç•Œé¢
2015-08-16 at 16:43:11 CST INFO  com.boc.android.AndroidDriverApi 59 findElementById - æ‰¾åˆ°æ§ä»¶ï¼šå–æ¶ˆ
2015-08-16 at 16:43:17 CST INFO  com.boc.binfengshenghuoTest.Page.WelcomePage 30 enter - å‡†å¤‡è¿›å…¥HomePage
2015-08-16 at 16:43:17 CST INFO  com.boc.binfengshenghuoTest.Page.HomePage 21 <init> - åˆå§‹åŒ–HomePageå…ƒç´ æˆåŠŸ
2015-08-16 at 16:56:00 CST INFO  com.boc.utils.ParseProperty 29 loadProperties - åŠ è½½    D:\eclipse workspace\ZhongYinYiShang\src\main\resources\config.propertiesæˆåŠŸ
2015-08-16 at 16:56:14 CST INFO  com.boc.android.AndroidDriverApi 46 <init> - appium serverå¯åŠ¨æˆåŠŸï¼Œurlä¸ºï¼šhttp://127.0.0.1:4723/wd/hub
2015-08-16 at 16:56:14 CST INFO  com.boc.android.InitAndroidDriver 46 createDriver - åŠ è½½driveræˆåŠŸ
2015-08-16 at 16:56:14 CST INFO  com.boc.binfengshenghuoTest.Page.WelcomePage 24 <init> - æˆåŠŸè¿›å…¥WelcomPageç•Œé¢
2015-08-16 at 16:56:18 CST INFO  com.boc.android.AndroidDriverApi 59 findElementById - æ‰¾åˆ°æ§ä»¶ï¼šå–æ¶ˆ
2015-08-16 at 16:56:24 CST INFO  com.boc.binfengshenghuoTest.Page.WelcomePage 42 enterHomePageQuXiao - å‡†å¤‡è¿›å…¥HomePage
2015-08-16 at 16:56:24 CST INFO  com.boc.binfengshenghuoTest.Page.HomePage 21 <init> - åˆå§‹åŒ–HomePageå…ƒç´ æˆåŠŸ
2015-08-16 at 16:57:08 CST INFO  com.boc.utils.ParseProperty 29 loadProperties - åŠ è½½    D:\eclipse workspace\ZhongYinYiShang\src\main\resources\config.propertiesæˆåŠŸ
2015-08-16 at 16:57:23 CST INFO  com.boc.android.AndroidDriverApi 46 <init> - appium serverå¯åŠ¨æˆåŠŸï¼Œurlä¸ºï¼šhttp://127.0.0.1:4723/wd/hub
2015-08-16 at 16:57:23 CST INFO  com.boc.android.InitAndroidDriver 46 createDriver - åŠ è½½driveræˆåŠŸ
2015-08-16 at 16:57:23 CST INFO  com.boc.binfengshenghuoTest.Page.WelcomePage 24 <init> - æˆåŠŸè¿›å…¥WelcomPageç•Œé¢
2015-08-16 at 16:57:27 CST INFO  com.boc.android.AndroidDriverApi 59 findElementById - æ‰¾åˆ°æ§ä»¶ï¼šå–æ¶ˆ
2015-08-16 at 16:57:31 CST INFO  com.boc.binfengshenghuoTest.Page.WelcomePage 42 enterHomePageQuXiao - å‡†å¤‡è¿›å…¥HomePage
2015-08-16 at 16:57:31 CST INFO  com.boc.binfengshenghuoTest.Page.HomePage 21 <init> - åˆå§‹åŒ–HomePageå…ƒç´ æˆåŠŸ
2015-08-16 at 16:58:11 CST INFO  com.boc.utils.ParseProperty 29 loadProperties - åŠ è½½    D:\eclipse workspace\ZhongYinYiShang\src\main\resources\config.propertiesæˆåŠŸ
2015-08-16 at 16:58:26 CST INFO  com.boc.android.AndroidDriverApi 46 <init> - appium serverå¯åŠ¨æˆåŠŸï¼Œurlä¸ºï¼šhttp://127.0.0.1:4723/wd/hub
2015-08-16 at 16:58:26 CST INFO  com.boc.android.InitAndroidDriver 46 createDriver - åŠ è½½driveræˆåŠŸ
2015-08-16 at 16:58:26 CST INFO  com.boc.binfengshenghuoTest.Page.WelcomePage 24 <init> - æˆåŠŸè¿›å…¥WelcomPageç•Œé¢
2015-08-16 at 16:58:30 CST INFO  com.boc.android.AndroidDriverApi 59 findElementById - æ‰¾åˆ°æ§ä»¶ï¼šå–æ¶ˆ
2015-08-16 at 16:58:35 CST INFO  com.boc.binfengshenghuoTest.Page.WelcomePage 42 enterHomePageQuXiao - å‡†å¤‡è¿›å…¥HomePage
2015-08-16 at 16:58:35 CST INFO  com.boc.binfengshenghuoTest.Page.HomePage 21 <init> - åˆå§‹åŒ–HomePageå…ƒç´ æˆåŠŸ
2015-08-16 at 16:59:55 CST INFO  com.boc.utils.ParseProperty 29 loadProperties - åŠ è½½    D:\eclipse workspace\ZhongYinYiShang\src\main\resources\config.propertiesæˆåŠŸ
2015-08-16 at 17:00:10 CST INFO  com.boc.android.AndroidDriverApi 46 <init> - appium serverå¯åŠ¨æˆåŠŸï¼Œurlä¸ºï¼šhttp://127.0.0.1:4723/wd/hub
2015-08-16 at 17:00:10 CST INFO  com.boc.android.InitAndroidDriver 46 createDriver - åŠ è½½driveræˆåŠŸ
2015-08-16 at 17:00:10 CST INFO  com.boc.binfengshenghuoTest.Page.WelcomePage 24 <init> - æˆåŠŸè¿›å…¥WelcomPageç•Œé¢
2015-08-16 at 17:00:13 CST INFO  com.boc.android.AndroidDriverApi 59 findElementById - æ‰¾åˆ°æ§ä»¶ï¼šå–æ¶ˆ
2015-08-16 at 17:00:17 CST INFO  com.boc.binfengshenghuoTest.Page.WelcomePage 42 enterHomePageQuXiao - å‡†å¤‡è¿›å…¥HomePage
2015-08-16 at 17:00:17 CST INFO  com.boc.binfengshenghuoTest.Page.HomePage 21 <init> - åˆå§‹åŒ–HomePageå…ƒç´ æˆåŠŸ
2015-08-16 at 17:00:46 CST INFO  com.boc.utils.ParseProperty 29 loadProperties - åŠ è½½    D:\eclipse workspace\ZhongYinYiShang\src\main\resources\config.propertiesæˆåŠŸ
2015-08-16 at 17:01:01 CST INFO  com.boc.android.AndroidDriverApi 46 <init> - appium serverå¯åŠ¨æˆåŠŸï¼Œurlä¸ºï¼šhttp://127.0.0.1:4723/wd/hub
2015-08-16 at 17:01:01 CST INFO  com.boc.android.InitAndroidDriver 46 createDriver - åŠ è½½driveræˆåŠŸ
2015-08-16 at 17:01:01 CST INFO  com.boc.binfengshenghuoTest.Page.WelcomePage 24 <init> - æˆåŠŸè¿›å…¥WelcomPageç•Œé¢
2015-08-16 at 17:01:03 CST INFO  com.boc.android.AndroidDriverApi 59 findElementById - æ‰¾åˆ°æ§ä»¶ï¼šå–æ¶ˆ
2015-08-16 at 17:01:09 CST INFO  com.boc.binfengshenghuoTest.Page.WelcomePage 42 enterHomePageQuXiao - å‡†å¤‡è¿›å…¥HomePage
2015-08-16 at 17:01:09 CST INFO  com.boc.binfengshenghuoTest.Page.HomePage 21 <init> - åˆå§‹åŒ–HomePageå…ƒç´ æˆåŠŸ
2015-08-16 at 17:02:34 CST INFO  com.boc.utils.ParseProperty 29 loadProperties - åŠ è½½    D:\eclipse workspace\ZhongYinYiShang\src\main\resources\config.propertiesæˆåŠŸ
2015-08-16 at 17:02:48 CST INFO  com.boc.android.AndroidDriverApi 46 <init> - appium serverå¯åŠ¨æˆåŠŸï¼Œurlä¸ºï¼šhttp://127.0.0.1:4723/wd/hub
2015-08-16 at 17:02:48 CST INFO  com.boc.android.InitAndroidDriver 46 createDriver - åŠ è½½driveræˆåŠŸ
2015-08-16 at 17:02:48 CST INFO  com.boc.binfengshenghuoTest.Page.WelcomePage 24 <init> - æˆåŠŸè¿›å…¥WelcomPageç•Œé¢
2015-08-16 at 17:02:54 CST INFO  com.boc.android.AndroidDriverApi 59 findElementById - æ‰¾åˆ°æ§ä»¶ï¼šå–æ¶ˆ
2015-08-16 at 17:02:57 CST INFO  com.boc.binfengshenghuoTest.Page.WelcomePage 42 enterHomePageQuXiao - å‡†å¤‡è¿›å…¥HomePage
2015-08-16 at 17:02:57 CST INFO  com.boc.binfengshenghuoTest.Page.HomePage 23 <init> - åˆå§‹åŒ–HomePageå…ƒç´ æˆåŠŸ
2015-08-16 at 17:12:14 CST INFO  com.boc.utils.ParseProperty 29 loadProperties - åŠ è½½    D:\eclipse workspace\ZhongYinYiShang\src\main\resources\config.propertiesæˆåŠŸ
2015-08-16 at 17:12:29 CST INFO  com.boc.android.AndroidDriverApi 46 <init> - appium serverå¯åŠ¨æˆåŠŸï¼Œurlä¸ºï¼šhttp://127.0.0.1:4723/wd/hub
2015-08-16 at 17:12:29 CST INFO  com.boc.android.InitAndroidDriver 46 createDriver - åŠ è½½driveræˆåŠŸ
2015-08-16 at 17:12:29 CST INFO  com.boc.binfengshenghuoTest.Page.WelcomePage 24 <init> - æˆåŠŸè¿›å…¥WelcomPageç•Œé¢
2015-08-16 at 17:12:31 CST INFO  com.boc.android.AndroidDriverApi 59 findElementById - æ‰¾åˆ°æ§ä»¶ï¼šå–æ¶ˆ
2015-08-16 at 17:12:37 CST INFO  com.boc.binfengshenghuoTest.Page.WelcomePage 42 enterHomePageQuXiao - å‡†å¤‡è¿›å…¥HomePage
2015-08-16 at 17:12:37 CST INFO  com.boc.binfengshenghuoTest.Page.HomePage 21 <init> - åˆå§‹åŒ–HomePageå…ƒç´ æˆåŠŸ
2015-08-16 at 17:22:15 CST INFO  com.boc.utils.ParseProperty 29 loadProperties - åŠ è½½    D:\eclipse workspace\ZhongYinYiShang\src\main\resources\config.propertiesæˆåŠŸ
2015-08-16 at 17:22:30 CST INFO  com.boc.android.AndroidDriverApi 46 <init> - appium serverå¯åŠ¨æˆåŠŸï¼Œurlä¸ºï¼šhttp://127.0.0.1:4723/wd/hub
2015-08-16 at 17:22:30 CST INFO  com.boc.android.InitAndroidDriver 46 createDriver - åŠ è½½driveræˆåŠŸ
2015-08-16 at 17:22:34 CST INFO  com.boc.android.AndroidDriverApi 59 findElementById - æ‰¾åˆ°æ§ä»¶ï¼šå–æ¶ˆ
2015-08-16 at 17:22:38 CST INFO  com.boc.android.AndroidDriverApi 94 findElementByName - æ‰¾åˆ°æ§ä»¶ï¼šè´¦å•
2015-08-16 at 17:23:44 CST INFO  com.boc.utils.ParseProperty 29 loadProperties - åŠ è½½    D:\eclipse workspace\ZhongYinYiShang\src\main\resources\config.propertiesæˆåŠŸ
2015-08-16 at 17:23:59 CST INFO  com.boc.android.AndroidDriverApi 46 <init> - appium serverå¯åŠ¨æˆåŠŸï¼Œurlä¸ºï¼šhttp://127.0.0.1:4723/wd/hub
2015-08-16 at 17:23:59 CST INFO  com.boc.android.InitAndroidDriver 46 createDriver - åŠ è½½driveræˆåŠŸ
2015-08-16 at 17:23:59 CST INFO  com.boc.binfengshenghuoTest.Page.WelcomePage 24 <init> - æˆåŠŸè¿›å…¥WelcomPageç•Œé¢
2015-08-16 at 17:24:02 CST INFO  com.boc.android.AndroidDriverApi 59 findElementById - æ‰¾åˆ°æ§ä»¶ï¼šå–æ¶ˆ
2015-08-16 at 17:24:08 CST INFO  com.boc.binfengshenghuoTest.Page.WelcomePage 42 enterHomePageQuXiao - å‡†å¤‡è¿›å…¥HomePage
2015-08-16 at 17:24:08 CST INFO  com.boc.binfengshenghuoTest.Page.HomePage 21 <init> - åˆå§‹åŒ–HomePageå…ƒç´ æˆåŠŸ
2015-08-16 at 17:26:26 CST INFO  com.boc.utils.ParseProperty 29 loadProperties - åŠ è½½    D:\eclipse workspace\ZhongYinYiShang\src\main\resources\config.propertiesæˆåŠŸ
2015-08-16 at 17:26:41 CST INFO  com.boc.android.AndroidDriverApi 46 <init> - appium serverå¯åŠ¨æˆåŠŸï¼Œurlä¸ºï¼šhttp://127.0.0.1:4723/wd/hub
2015-08-16 at 17:26:41 CST INFO  com.boc.android.InitAndroidDriver 46 createDriver - åŠ è½½driveræˆåŠŸ
2015-08-16 at 17:26:41 CST INFO  com.boc.binfengshenghuoTest.Page.WelcomePage 24 <init> - æˆåŠŸè¿›å…¥WelcomPageç•Œé¢
2015-08-16 at 17:26:45 CST INFO  com.boc.android.AndroidDriverApi 59 findElementById - æ‰¾åˆ°æ§ä»¶ï¼šå–æ¶ˆ
2015-08-16 at 17:26:51 CST INFO  com.boc.binfengshenghuoTest.Page.WelcomePage 42 enterHomePageQuXiao - å‡†å¤‡è¿›å…¥HomePage
2015-08-16 at 17:26:51 CST INFO  com.boc.binfengshenghuoTest.Page.HomePage 21 <init> - åˆå§‹åŒ–HomePageå…ƒç´ æˆåŠŸ
2015-08-16 at 17:27:30 CST INFO  com.boc.utils.ParseProperty 29 loadProperties - åŠ è½½    D:\eclipse workspace\ZhongYinYiShang\src\main\resources\config.propertiesæˆåŠŸ
2015-08-16 at 17:27:45 CST INFO  com.boc.android.AndroidDriverApi 46 <init> - appium serverå¯åŠ¨æˆåŠŸï¼Œurlä¸ºï¼šhttp://127.0.0.1:4723/wd/hub
2015-08-16 at 17:27:45 CST INFO  com.boc.android.InitAndroidDriver 46 createDriver - åŠ è½½driveræˆåŠŸ
2015-08-16 at 17:27:45 CST INFO  com.boc.binfengshenghuoTest.Page.WelcomePage 24 <init> - æˆåŠŸè¿›å…¥WelcomPageç•Œé¢
2015-08-16 at 17:27:49 CST INFO  com.boc.android.AndroidDriverApi 94 findElementByName - æ‰¾åˆ°æ§ä»¶ï¼šå–æ¶ˆ
2015-08-16 at 17:27:53 CST INFO  com.boc.binfengshenghuoTest.Page.WelcomePage 42 enterHomePageQuXiao - å‡†å¤‡è¿›å…¥HomePage
2015-08-16 at 17:27:53 CST INFO  com.boc.binfengshenghuoTest.Page.HomePage 21 <init> - åˆå§‹åŒ–HomePageå…ƒç´ æˆåŠŸ
2015-08-16 at 17:29:47 CST INFO  com.boc.utils.ParseProperty 29 loadProperties - åŠ è½½    D:\eclipse workspace\ZhongYinYiShang\src\main\resources\config.propertiesæˆåŠŸ
2015-08-16 at 17:30:02 CST INFO  com.boc.android.AndroidDriverApi 46 <init> - appium serverå¯åŠ¨æˆåŠŸï¼Œurlä¸ºï¼šhttp://127.0.0.1:4723/wd/hub
2015-08-16 at 17:30:02 CST INFO  com.boc.android.InitAndroidDriver 46 createDriver - åŠ è½½driveræˆåŠŸ
2015-08-16 at 17:30:02 CST INFO  com.boc.binfengshenghuoTest.Page.WelcomePage 24 <init> - æˆåŠŸè¿›å…¥WelcomPageç•Œé¢
2015-08-16 at 17:30:06 CST INFO  com.boc.android.AndroidDriverApi 94 findElementByName - æ‰¾åˆ°æ§ä»¶ï¼šå–æ¶ˆ
2015-08-16 at 17:30:11 CST INFO  com.boc.binfengshenghuoTest.Page.WelcomePage 42 enterHomePageQuXiao - å‡†å¤‡è¿›å…¥HomePage
2015-08-16 at 17:30:11 CST INFO  com.boc.binfengshenghuoTest.Page.HomePage 21 <init> - åˆå§‹åŒ–HomePageå…ƒç´ æˆåŠŸ
2015-08-16 at 17:37:55 CST INFO  com.boc.utils.ParseProperty 29 loadProperties - åŠ è½½    D:\eclipse workspace\ZhongYinYiShang\src\main\resources\config.propertiesæˆåŠŸ
2015-08-16 at 17:38:09 CST INFO  com.boc.android.AndroidDriverApi 46 <init> - appium serverå¯åŠ¨æˆåŠŸï¼Œurlä¸ºï¼šhttp://127.0.0.1:4723/wd/hub
2015-08-16 at 17:38:09 CST INFO  com.boc.android.InitAndroidDriver 46 createDriver - åŠ è½½driveræˆåŠŸ
2015-08-16 at 17:38:09 CST INFO  com.boc.binfengshenghuoTest.Page.WelcomePage 26 <init> - æˆåŠŸè¿›å…¥WelcomPageç•Œé¢
2015-08-16 at 17:38:12 CST INFO  com.boc.android.AndroidDriverApi 94 findElementByName - æ‰¾åˆ°æ§ä»¶ï¼šå–æ¶ˆ
2015-08-16 at 17:38:19 CST INFO  com.boc.binfengshenghuoTest.Page.WelcomePage 44 enterHomePageQuXiao - å‡†å¤‡è¿›å…¥HomePage
2015-08-16 at 17:38:19 CST INFO  com.boc.binfengshenghuoTest.Page.HomePage 21 <init> - åˆå§‹åŒ–HomePageå…ƒç´ æˆåŠŸ
2015-08-16 at 17:38:19 CST INFO  com.boc.android.AndroidDriverApi 94 findElementByName - æ‰¾åˆ°æ§ä»¶ï¼šè´¦å•
2015-08-16 at 17:43:45 CST INFO  com.boc.utils.ParseProperty 29 loadProperties - åŠ è½½    D:\eclipse workspace\ZhongYinYiShang\src\main\resources\config.propertiesæˆåŠŸ
2015-08-16 at 17:44:00 CST INFO  com.boc.android.AndroidDriverApi 46 <init> - appium serverå¯åŠ¨æˆåŠŸï¼Œurlä¸ºï¼šhttp://127.0.0.1:4723/wd/hub
2015-08-16 at 17:44:00 CST INFO  com.boc.android.InitAndroidDriver 46 createDriver - åŠ è½½driveræˆåŠŸ
2015-08-16 at 17:44:00 CST INFO  com.boc.binfengshenghuoTest.Page.WelcomePage 26 <init> - æˆåŠŸè¿›å…¥WelcomPageç•Œé¢
2015-08-16 at 17:44:04 CST INFO  com.boc.android.AndroidDriverApi 94 findElementByName - æ‰¾åˆ°æ§ä»¶ï¼šå–æ¶ˆ
2015-08-16 at 17:44:08 CST INFO  com.boc.binfengshenghuoTest.Page.WelcomePage 44 enterHomePageQuXiao - å‡†å¤‡è¿›å…¥HomePage
2015-08-16 at 17:44:08 CST INFO  com.boc.binfengshenghuoTest.Page.HomePage 21 <init> - åˆå§‹åŒ–HomePageå…ƒç´ æˆåŠŸ
2015-08-16 at 17:44:08 CST INFO  com.boc.android.AndroidDriverApi 94 findElementByName - æ‰¾åˆ°æ§ä»¶ï¼šè´¦å•
2015-08-16 at 17:45:57 CST INFO  com.boc.utils.ParseProperty 29 loadProperties - åŠ è½½    D:\eclipse workspace\ZhongYinYiShang\src\main\resources\config.propertiesæˆåŠŸ
2015-08-16 at 17:46:12 CST INFO  com.boc.android.AndroidDriverApi 46 <init> - appium serverå¯åŠ¨æˆåŠŸï¼Œurlä¸ºï¼šhttp://127.0.0.1:4723/wd/hub
2015-08-16 at 17:46:12 CST INFO  com.boc.android.InitAndroidDriver 46 createDriver - åŠ è½½driveræˆåŠŸ
2015-08-16 at 17:46:12 CST INFO  com.boc.binfengshenghuoTest.Page.WelcomePage 26 <init> - æˆåŠŸè¿›å…¥WelcomPageç•Œé¢
2015-08-16 at 17:46:15 CST INFO  com.boc.android.AndroidDriverApi 94 findElementByName - æ‰¾åˆ°æ§ä»¶ï¼šå–æ¶ˆ
2015-08-16 at 17:46:21 CST INFO  com.boc.binfengshenghuoTest.Page.WelcomePage 44 enterHomePageQuXiao - å‡†å¤‡è¿›å…¥HomePage
2015-08-16 at 17:46:21 CST INFO  com.boc.binfengshenghuoTest.Page.HomePage 20 <init> - åˆå§‹åŒ–HomePageå…ƒç´ æˆåŠŸ
2015-08-16 at 17:46:21 CST INFO  com.boc.android.AndroidDriverApi 94 findElementByName - æ‰¾åˆ°æ§ä»¶ï¼šè´¦å•
2015-08-16 at 17:55:58 CST INFO  com.boc.utils.ParseProperty 29 loadProperties - åŠ è½½    D:\eclipse workspace\ZhongYinYiShang\src\main\resources\config.propertiesæˆåŠŸ
2015-08-16 at 17:56:12 CST INFO  com.boc.android.AndroidDriverApi 46 <init> - appium serverå¯åŠ¨æˆåŠŸï¼Œurlä¸ºï¼šhttp://127.0.0.1:4723/wd/hub
2015-08-16 at 17:56:12 CST INFO  com.boc.android.InitAndroidDriver 46 createDriver - åŠ è½½driveræˆåŠŸ
2015-08-16 at 17:56:12 CST INFO  com.boc.binfengshenghuoTest.Page.WelcomePage 26 <init> - æˆåŠŸè¿›å…¥WelcomPageç•Œé¢
2015-08-16 at 17:56:16 CST INFO  com.boc.android.AndroidDriverApi 94 findElementByName - æ‰¾åˆ°æ§ä»¶ï¼šå–æ¶ˆ
2015-08-16 at 17:56:20 CST INFO  com.boc.binfengshenghuoTest.Page.WelcomePage 44 enterHomePageQuXiao - å‡†å¤‡è¿›å…¥HomePage
2015-08-16 at 17:56:20 CST INFO  com.boc.binfengshenghuoTest.Page.HomePage 20 <init> - åˆå§‹åŒ–HomePageå…ƒç´ æˆåŠŸ
2015-08-16 at 17:56:20 CST INFO  com.boc.android.AndroidDriverApi 94 findElementByName - æ‰¾åˆ°æ§ä»¶ï¼šè´¦å•
2015-08-16 at 18:36:28 CST INFO  com.boc.utils.ParseProperty 29 loadProperties - åŠ è½½    D:\eclipse workspace\ZhongYinYiShang\src\main\resources\config.propertiesæˆåŠŸ
2015-08-16 at 18:36:45 CST INFO  com.boc.android.AndroidDriverApi 46 <init> - appium serverå¯åŠ¨æˆåŠŸï¼Œurlä¸ºï¼šhttp://127.0.0.1:4723/wd/hub
2015-08-16 at 18:36:45 CST INFO  com.boc.android.InitAndroidDriver 46 createDriver - åŠ è½½driveræˆåŠŸ
2015-08-16 at 18:36:45 CST INFO  com.boc.binfengshenghuoTest.Page.WelcomePage 26 <init> - æˆåŠŸè¿›å…¥WelcomPageç•Œé¢
2015-08-16 at 18:36:48 CST INFO  com.boc.android.AndroidDriverApi 94 findElementByName - æ‰¾åˆ°æ§ä»¶ï¼šå–æ¶ˆ
2015-08-16 at 18:36:52 CST INFO  com.boc.binfengshenghuoTest.Page.WelcomePage 44 enterHomePageQuXiao - å‡†å¤‡è¿›å…¥HomePage
2015-08-16 at 18:36:52 CST INFO  com.boc.binfengshenghuoTest.Page.BinFengHomePage 48 <init> - åˆå§‹åŒ–HomePageå…ƒç´ æˆåŠŸ
2015-08-16 at 18:36:52 CST INFO  com.boc.android.AndroidDriverApi 94 findElementByName - æ‰¾åˆ°æ§ä»¶ï¼šè´¦å•
2015-08-16 at 18:36:52 CST INFO  com.boc.android.AndroidDriverApi 94 findElementByName - æ‰¾åˆ°æ§ä»¶ï¼šè´¦å•
2015-08-16 at 18:36:54 CST INFO  com.boc.binfengshenghuoTest.Page.BinFengHomePage 57 clickZhangdan - å‡†å¤‡è¿›å…¥ZhangDanç±»
2015-08-16 at 18:36:54 CST INFO  com.boc.binfengshenghuoTest.Page.ZhangDan 22 <init> - åˆå§‹åŒ–ZhangDanç±»æˆåŠŸ
2015-08-16 at 18:36:54 CST INFO  com.boc.android.AndroidDriverApi 94 findElementByName - æ‰¾åˆ°æ§ä»¶ï¼šå·²å‡ºè´¦å• 
2015-08-16 at 18:39:05 CST INFO  com.boc.utils.ParseProperty 29 loadProperties - åŠ è½½    D:\eclipse workspace\ZhongYinYiShang\src\main\resources\config.propertiesæˆåŠŸ
2015-08-16 at 18:39:22 CST INFO  com.boc.android.AndroidDriverApi 46 <init> - appium serverå¯åŠ¨æˆåŠŸï¼Œurlä¸ºï¼šhttp://127.0.0.1:4723/wd/hub
2015-08-16 at 18:39:22 CST INFO  com.boc.android.InitAndroidDriver 46 createDriver - åŠ è½½driveræˆåŠŸ
2015-08-16 at 18:39:22 CST INFO  com.boc.binfengshenghuoTest.Page.WelcomePage 26 <init> - æˆåŠŸè¿›å…¥WelcomPageç•Œé¢
2015-08-16 at 18:39:26 CST INFO  com.boc.android.AndroidDriverApi 94 findElementByName - æ‰¾åˆ°æ§ä»¶ï¼šå–æ¶ˆ
2015-08-16 at 18:39:30 CST INFO  com.boc.binfengshenghuoTest.Page.WelcomePage 44 enterHomePageQuXiao - å‡†å¤‡è¿›å…¥HomePage
2015-08-16 at 18:39:30 CST INFO  com.boc.binfengshenghuoTest.Page.BinFengHomePage 48 <init> - åˆå§‹åŒ–HomePageå…ƒç´ æˆåŠŸ
2015-08-16 at 18:39:30 CST INFO  com.boc.android.AndroidDriverApi 94 findElementByName - æ‰¾åˆ°æ§ä»¶ï¼šè´¦å•
2015-08-16 at 18:39:30 CST INFO  com.boc.android.AndroidDriverApi 94 findElementByName - æ‰¾åˆ°æ§ä»¶ï¼šè´¦å•
2015-08-16 at 18:39:31 CST INFO  com.boc.binfengshenghuoTest.Page.BinFengHomePage 57 clickZhangdan - å‡†å¤‡è¿›å…¥ZhangDanç±»
2015-08-16 at 18:39:31 CST INFO  com.boc.binfengshenghuoTest.Page.ZhangDan 22 <init> - åˆå§‹åŒ–ZhangDanç±»æˆåŠŸ
2015-08-16 at 18:39:32 CST INFO  com.boc.android.AndroidDriverApi 94 findElementByName - æ‰¾åˆ°æ§ä»¶ï¼šå·²å‡ºè´¦å• 
2015-08-16 at 18:40:41 CST INFO  com.boc.utils.ParseProperty 29 loadProperties - åŠ è½½    D:\eclipse workspace\ZhongYinYiShang\src\main\resources\config.propertiesæˆåŠŸ
2015-08-16 at 18:40:56 CST INFO  com.boc.android.AndroidDriverApi 46 <init> - appium serverå¯åŠ¨æˆåŠŸï¼Œurlä¸ºï¼šhttp://127.0.0.1:4723/wd/hub
2015-08-16 at 18:40:56 CST INFO  com.boc.android.InitAndroidDriver 46 createDriver - åŠ è½½driveræˆåŠŸ
2015-08-16 at 18:40:56 CST INFO  com.boc.binfengshenghuoTest.Page.WelcomePage 26 <init> - æˆåŠŸè¿›å…¥WelcomPageç•Œé¢
2015-08-16 at 18:41:00 CST INFO  com.boc.android.AndroidDriverApi 94 findElementByName - æ‰¾åˆ°æ§ä»¶ï¼šå–æ¶ˆ
2015-08-16 at 18:41:04 CST INFO  com.boc.binfengshenghuoTest.Page.WelcomePage 44 enterHomePageQuXiao - å‡†å¤‡è¿›å…¥HomePage
2015-08-16 at 18:41:04 CST INFO  com.boc.binfengshenghuoTest.Page.BinFengHomePage 48 <init> - åˆå§‹åŒ–HomePageå…ƒç´ æˆåŠŸ
2015-08-16 at 18:41:04 CST INFO  com.boc.android.AndroidDriverApi 94 findElementByName - æ‰¾åˆ°æ§ä»¶ï¼šè´¦å•
2015-08-16 at 18:41:04 CST INFO  com.boc.android.AndroidDriverApi 94 findElementByName - æ‰¾åˆ°æ§ä»¶ï¼šè´¦å•
2015-08-16 at 18:41:05 CST INFO  com.boc.binfengshenghuoTest.Page.BinFengHomePage 57 clickZhangdan - å‡†å¤‡è¿›å…¥ZhangDanç±»
2015-08-16 at 18:41:05 CST INFO  com.boc.binfengshenghuoTest.Page.ZhangDan 22 <init> - åˆå§‹åŒ–ZhangDanç±»æˆåŠŸ
2015-08-16 at 18:41:07 CST INFO  com.boc.android.AndroidDriverApi 94 findElementByName - æ‰¾åˆ°æ§ä»¶ï¼šå·²å‡ºè´¦å• 
2015-08-16 at 18:41:38 CST INFO  com.boc.utils.ParseProperty 29 loadProperties - åŠ è½½    D:\eclipse workspace\ZhongYinYiShang\src\main\resources\config.propertiesæˆåŠŸ
2015-08-16 at 18:41:53 CST INFO  com.boc.android.AndroidDriverApi 46 <init> - appium serverå¯åŠ¨æˆåŠŸï¼Œurlä¸ºï¼šhttp://127.0.0.1:4723/wd/hub
2015-08-16 at 18:41:53 CST INFO  com.boc.android.InitAndroidDriver 46 createDriver - åŠ è½½driveræˆåŠŸ
2015-08-16 at 18:41:53 CST INFO  com.boc.binfengshenghuoTest.Page.WelcomePage 26 <init> - æˆåŠŸè¿›å…¥WelcomPageç•Œé¢
2015-08-16 at 18:41:56 CST INFO  com.boc.android.AndroidDriverApi 94 findElementByName - æ‰¾åˆ°æ§ä»¶ï¼šå–æ¶ˆ
2015-08-16 at 18:42:02 CST INFO  com.boc.binfengshenghuoTest.Page.WelcomePage 44 enterHomePageQuXiao - å‡†å¤‡è¿›å…¥HomePage
2015-08-16 at 18:42:02 CST INFO  com.boc.binfengshenghuoTest.Page.BinFengHomePage 48 <init> - åˆå§‹åŒ–HomePageå…ƒç´ æˆåŠŸ
2015-08-16 at 18:42:02 CST INFO  com.boc.android.AndroidDriverApi 94 findElementByName - æ‰¾åˆ°æ§ä»¶ï¼šè´¦å•
2015-08-16 at 18:42:03 CST INFO  com.boc.android.AndroidDriverApi 94 findElementByName - æ‰¾åˆ°æ§ä»¶ï¼šè´¦å•
2015-08-16 at 18:42:03 CST INFO  com.boc.binfengshenghuoTest.Page.BinFengHomePage 57 clickZhangdan - å‡†å¤‡è¿›å…¥ZhangDanç±»
2015-08-16 at 18:42:03 CST INFO  com.boc.binfengshenghuoTest.Page.ZhangDan 22 <init> - åˆå§‹åŒ–ZhangDanç±»æˆåŠŸ
2015-08-16 at 18:42:04 CST INFO  com.boc.android.AndroidDriverApi 94 findElementByName - æ‰¾åˆ°æ§ä»¶ï¼šå·²å‡ºè´¦å• 
2015-08-16 at 18:44:40 CST INFO  com.boc.utils.ParseProperty 29 loadProperties - åŠ è½½    D:\eclipse workspace\ZhongYinYiShang\src\main\resources\config.propertiesæˆåŠŸ
2015-08-16 at 18:44:54 CST INFO  com.boc.android.AndroidDriverApi 46 <init> - appium serverå¯åŠ¨æˆåŠŸï¼Œurlä¸ºï¼šhttp://127.0.0.1:4723/wd/hub
2015-08-16 at 18:44:54 CST INFO  com.boc.android.InitAndroidDriver 46 createDriver - åŠ è½½driveræˆåŠŸ
2015-08-16 at 18:44:54 CST INFO  com.boc.binfengshenghuoTest.Page.WelcomePage 26 <init> - æˆåŠŸè¿›å…¥WelcomPageç•Œé¢
2015-08-16 at 18:44:57 CST INFO  com.boc.android.AndroidDriverApi 94 findElementByName - æ‰¾åˆ°æ§ä»¶ï¼šå–æ¶ˆ
2015-08-16 at 18:45:01 CST INFO  com.boc.binfengshenghuoTest.Page.WelcomePage 44 enterHomePageQuXiao - å‡†å¤‡è¿›å…¥HomePage
2015-08-16 at 18:45:01 CST INFO  com.boc.binfengshenghuoTest.Page.BinFengHomePage 48 <init> - åˆå§‹åŒ–HomePageå…ƒç´ æˆåŠŸ
2015-08-16 at 18:45:01 CST INFO  com.boc.android.AndroidDriverApi 94 findElementByName - æ‰¾åˆ°æ§ä»¶ï¼šè´¦å•
2015-08-16 at 18:45:03 CST INFO  com.boc.android.AndroidDriverApi 94 findElementByName - æ‰¾åˆ°æ§ä»¶ï¼šè´¦å•
2015-08-16 at 18:45:03 CST INFO  com.boc.binfengshenghuoTest.Page.BinFengHomePage 57 clickZhangdan - å‡†å¤‡è¿›å…¥ZhangDanç±»
2015-08-16 at 18:45:03 CST INFO  com.boc.binfengshenghuoTest.Page.ZhangDan 22 <init> - åˆå§‹åŒ–ZhangDanç±»æˆåŠŸ
2015-08-16 at 18:45:04 CST INFO  com.boc.android.AndroidDriverApi 94 findElementByName - æ‰¾åˆ°æ§ä»¶ï¼šæœªå‡ºè´¦å•
2015-08-16 at 18:48:13 CST INFO  com.boc.utils.ParseProperty 29 loadProperties - åŠ è½½    D:\eclipse workspace\ZhongYinYiShang\src\main\resources\config.propertiesæˆåŠŸ
2015-08-16 at 18:48:28 CST INFO  com.boc.android.AndroidDriverApi 46 <init> - appium serverå¯åŠ¨æˆåŠŸï¼Œurlä¸ºï¼šhttp://127.0.0.1:4723/wd/hub
2015-08-16 at 18:48:28 CST INFO  com.boc.android.InitAndroidDriver 46 createDriver - åŠ è½½driveræˆåŠŸ
2015-08-16 at 18:48:28 CST INFO  com.boc.binfengshenghuoTest.Page.WelcomePage 26 <init> - æˆåŠŸè¿›å…¥WelcomPageç•Œé¢
2015-08-16 at 18:48:32 CST INFO  com.boc.android.AndroidDriverApi 94 findElementByName - æ‰¾åˆ°æ§ä»¶ï¼šå–æ¶ˆ
2015-08-16 at 18:48:36 CST INFO  com.boc.binfengshenghuoTest.Page.WelcomePage 44 enterHomePageQuXiao - å‡†å¤‡è¿›å…¥HomePage
2015-08-16 at 18:48:36 CST INFO  com.boc.binfengshenghuoTest.Page.BinFengHomePage 48 <init> - åˆå§‹åŒ–HomePageå…ƒç´ æˆåŠŸ
2015-08-16 at 18:48:36 CST INFO  com.boc.android.AndroidDriverApi 94 findElementByName - æ‰¾åˆ°æ§ä»¶ï¼šè´¦å•
2015-08-16 at 18:48:36 CST INFO  com.boc.android.AndroidDriverApi 94 findElementByName - æ‰¾åˆ°æ§ä»¶ï¼šè´¦å•
2015-08-16 at 18:48:36 CST INFO  com.boc.binfengshenghuoTest.Page.BinFengHomePage 57 clickZhangdan - å‡†å¤‡è¿›å…¥ZhangDanç±»
2015-08-16 at 18:48:36 CST INFO  com.boc.binfengshenghuoTest.Page.ZhangDan 22 <init> - åˆå§‹åŒ–ZhangDanç±»æˆåŠŸ
2015-08-16 at 18:48:38 CST INFO  com.boc.android.AndroidDriverApi 94 findElementByName - æ‰¾åˆ°æ§ä»¶ï¼šæœªå‡ºè´¦å•
2015-08-16 at 19:18:03 CST INFO  com.boc.utils.ParseProperty 29 loadProperties - åŠ è½½    D:\eclipse workspace\ZhongYinYiShang\src\main\resources\config.propertiesæˆåŠŸ
2015-08-16 at 19:18:19 CST INFO  com.boc.android.AndroidDriverApi 46 <init> - appium serverå¯åŠ¨æˆåŠŸï¼Œurlä¸ºï¼šhttp://127.0.0.1:4723/wd/hub
2015-08-16 at 19:18:19 CST INFO  com.boc.android.InitAndroidDriver 46 createDriver - åŠ è½½driveræˆåŠŸ
2015-08-16 at 19:18:19 CST INFO  com.boc.binfengshenghuoTest.Page.WelcomePage 26 <init> - æˆåŠŸè¿›å…¥WelcomPageç•Œé¢
2015-08-16 at 19:18:22 CST INFO  com.boc.android.AndroidDriverApi 94 findElementByName - æ‰¾åˆ°æ§ä»¶ï¼šå–æ¶ˆ
2015-08-16 at 19:18:26 CST INFO  com.boc.binfengshenghuoTest.Page.WelcomePage 44 enterHomePageQuXiao - å‡†å¤‡è¿›å…¥HomePage
2015-08-16 at 19:18:26 CST INFO  com.boc.binfengshenghuoTest.Page.BinFengHomePage 48 <init> - åˆå§‹åŒ–HomePageå…ƒç´ æˆåŠŸ
2015-08-16 at 19:18:26 CST INFO  com.boc.android.AndroidDriverApi 94 findElementByName - æ‰¾åˆ°æ§ä»¶ï¼šè´¦å•
2015-08-16 at 19:18:27 CST INFO  com.boc.android.AndroidDriverApi 94 findElementByName - æ‰¾åˆ°æ§ä»¶ï¼šè´¦å•
2015-08-16 at 19:18:28 CST INFO  com.boc.binfengshenghuoTest.Page.BinFengHomePage 57 clickZhangdan - å‡†å¤‡è¿›å…¥ZhangDanç±»
2015-08-16 at 19:18:28 CST INFO  com.boc.binfengshenghuoTest.Page.ZhangDan 24 <init> - åˆå§‹åŒ–ZhangDanç±»æˆåŠŸ
2015-08-16 at 19:18:28 CST INFO  com.boc.android.AndroidDriverApi 94 findElementByName - æ‰¾åˆ°æ§ä»¶ï¼šæœªå‡ºè´¦å•
2015-08-16 at 19:23:12 CST INFO  com.boc.utils.ParseProperty 29 loadProperties - åŠ è½½    D:\eclipse workspace\ZhongYinYiShang\src\main\resources\config.propertiesæˆåŠŸ
2015-08-16 at 19:23:27 CST INFO  com.boc.android.AndroidDriverApi 46 <init> - appium serverå¯åŠ¨æˆåŠŸï¼Œurlä¸ºï¼šhttp://127.0.0.1:4723/wd/hub
2015-08-16 at 19:23:27 CST INFO  com.boc.android.InitAndroidDriver 46 createDriver - åŠ è½½driveræˆåŠŸ
2015-08-16 at 19:23:27 CST INFO  com.boc.binfengshenghuoTest.Page.WelcomePage 26 <init> - æˆåŠŸè¿›å…¥WelcomPageç•Œé¢
2015-08-16 at 19:23:30 CST INFO  com.boc.android.AndroidDriverApi 94 findElementByName - æ‰¾åˆ°æ§ä»¶ï¼šå–æ¶ˆ
2015-08-16 at 19:23:36 CST INFO  com.boc.binfengshenghuoTest.Page.WelcomePage 44 enterHomePageQuXiao - å‡†å¤‡è¿›å…¥HomePage
2015-08-16 at 19:23:36 CST INFO  com.boc.binfengshenghuoTest.Page.BinFengHomePage 48 <init> - åˆå§‹åŒ–HomePageå…ƒç´ æˆåŠŸ
2015-08-16 at 19:23:36 CST INFO  com.boc.android.AndroidDriverApi 94 findElementByName - æ‰¾åˆ°æ§ä»¶ï¼šé‡‘èæœåŠ¡
2015-08-16 at 19:23:37 CST INFO  com.boc.binfengshenghuoTest.Page.BinFengHomePage 64 clickJinrongFuwu - å‡†å¤‡è¿›å…¥JinRongFuWuç±»
2015-08-16 at 19:23:37 CST INFO  com.boc.binfengshenghuoTest.Page.JinRongFuWu 17 <init> - åŠ è½½JinRongFuWuç±»æˆåŠŸ
2015-08-16 at 19:24:58 CST INFO  com.boc.utils.ParseProperty 29 loadProperties - åŠ è½½    D:\eclipse workspace\ZhongYinYiShang\src\main\resources\config.propertiesæˆåŠŸ
2015-08-16 at 19:25:13 CST INFO  com.boc.android.AndroidDriverApi 46 <init> - appium serverå¯åŠ¨æˆåŠŸï¼Œurlä¸ºï¼šhttp://127.0.0.1:4723/wd/hub
2015-08-16 at 19:25:13 CST INFO  com.boc.android.InitAndroidDriver 46 createDriver - åŠ è½½driveræˆåŠŸ
2015-08-16 at 19:25:13 CST INFO  com.boc.binfengshenghuoTest.Page.WelcomePage 26 <init> - æˆåŠŸè¿›å…¥WelcomPageç•Œé¢
2015-08-16 at 19:25:18 CST INFO  com.boc.android.AndroidDriverApi 94 findElementByName - æ‰¾åˆ°æ§ä»¶ï¼šå–æ¶ˆ
2015-08-16 at 19:25:21 CST INFO  com.boc.binfengshenghuoTest.Page.WelcomePage 44 enterHomePageQuXiao - å‡†å¤‡è¿›å…¥HomePage
2015-08-16 at 19:25:21 CST INFO  com.boc.binfengshenghuoTest.Page.BinFengHomePage 48 <init> - åˆå§‹åŒ–HomePageå…ƒç´ æˆåŠŸ
2015-08-16 at 19:25:21 CST INFO  com.boc.android.AndroidDriverApi 94 findElementByName - æ‰¾åˆ°æ§ä»¶ï¼šé‡‘èæœåŠ¡
2015-08-16 at 19:25:23 CST INFO  com.boc.binfengshenghuoTest.Page.BinFengHomePage 64 clickJinrongFuwu - å‡†å¤‡è¿›å…¥JinRongFuWuç±»
2015-08-16 at 19:25:23 CST INFO  com.boc.binfengshenghuoTest.Page.JinRongFuWu 19 <init> - åŠ è½½JinRongFuWuç±»æˆåŠŸ
2015-08-16 at 19:27:42 CST INFO  com.boc.utils.ParseProperty 29 loadProperties - åŠ è½½    D:\eclipse workspace\ZhongYinYiShang\src\main\resources\config.propertiesæˆåŠŸ
2015-08-16 at 19:27:57 CST INFO  com.boc.android.AndroidDriverApi 46 <init> - appium serverå¯åŠ¨æˆåŠŸï¼Œurlä¸ºï¼šhttp://127.0.0.1:4723/wd/hub
2015-08-16 at 19:27:57 CST INFO  com.boc.android.InitAndroidDriver 46 createDriver - åŠ è½½driveræˆåŠŸ
2015-08-16 at 19:27:57 CST INFO  com.boc.binfengshenghuoTest.Page.WelcomePage 26 <init> - æˆåŠŸè¿›å…¥WelcomPageç•Œé¢
2015-08-16 at 19:28:00 CST INFO  com.boc.android.AndroidDriverApi 94 findElementByName - æ‰¾åˆ°æ§ä»¶ï¼šå–æ¶ˆ
2015-08-16 at 19:28:04 CST INFO  com.boc.binfengshenghuoTest.Page.WelcomePage 44 enterHomePageQuXiao - å‡†å¤‡è¿›å…¥HomePage
2015-08-16 at 19:28:04 CST INFO  com.boc.binfengshenghuoTest.Page.BinFengHomePage 48 <init> - åˆå§‹åŒ–HomePageå…ƒç´ æˆåŠŸ
2015-08-16 at 19:28:04 CST INFO  com.boc.android.AndroidDriverApi 94 findElementByName - æ‰¾åˆ°æ§ä»¶ï¼šé‡‘èæœåŠ¡
2015-08-16 at 19:28:06 CST INFO  com.boc.binfengshenghuoTest.Page.BinFengHomePage 64 clickJinrongFuwu - å‡†å¤‡è¿›å…¥JinRongFuWuç±»
2015-08-16 at 19:28:06 CST INFO  com.boc.binfengshenghuoTest.Page.JinRongFuWu 19 <init> - åŠ è½½JinRongFuWuç±»æˆåŠŸ
2015-08-16 at 19:30:08 CST INFO  com.boc.utils.ParseProperty 29 loadProperties - åŠ è½½    D:\eclipse workspace\ZhongYinYiShang\src\main\resources\config.propertiesæˆåŠŸ
2015-08-16 at 19:30:23 CST INFO  com.boc.android.AndroidDriverApi 46 <init> - appium serverå¯åŠ¨æˆåŠŸï¼Œurlä¸ºï¼šhttp://127.0.0.1:4723/wd/hub
2015-08-16 at 19:30:23 CST INFO  com.boc.android.InitAndroidDriver 46 createDriver - åŠ è½½driveræˆåŠŸ
2015-08-16 at 19:30:23 CST INFO  com.boc.binfengshenghuoTest.Page.WelcomePage 26 <init> - æˆåŠŸè¿›å…¥WelcomPageç•Œé¢
2015-08-16 at 19:30:27 CST INFO  com.boc.android.AndroidDriverApi 94 findElementByName - æ‰¾åˆ°æ§ä»¶ï¼šå–æ¶ˆ
2015-08-16 at 19:30:30 CST INFO  com.boc.binfengshenghuoTest.Page.WelcomePage 44 enterHomePageQuXiao - å‡†å¤‡è¿›å…¥HomePage
2015-08-16 at 19:30:30 CST INFO  com.boc.binfengshenghuoTest.Page.BinFengHomePage 48 <init> - åˆå§‹åŒ–HomePageå…ƒç´ æˆåŠŸ
2015-08-16 at 19:30:31 CST INFO  com.boc.android.AndroidDriverApi 94 findElementByName - æ‰¾åˆ°æ§ä»¶ï¼šé‡‘èæœåŠ¡
2015-08-16 at 19:30:32 CST INFO  com.boc.binfengshenghuoTest.Page.BinFengHomePage 64 clickJinrongFuwu - å‡†å¤‡è¿›å…¥JinRongFuWuç±»
2015-08-16 at 19:30:32 CST INFO  com.boc.binfengshenghuoTest.Page.JinRongFuWu 19 <init> - åŠ è½½JinRongFuWuç±»æˆåŠŸ
2015-08-16 at 19:33:35 CST INFO  com.boc.utils.ParseProperty 29 loadProperties - åŠ è½½    D:\eclipse workspace\ZhongYinYiShang\src\main\resources\config.propertiesæˆåŠŸ
2015-08-16 at 19:33:50 CST INFO  com.boc.android.AndroidDriverApi 46 <init> - appium serverå¯åŠ¨æˆåŠŸï¼Œurlä¸ºï¼šhttp://127.0.0.1:4723/wd/hub
2015-08-16 at 19:33:50 CST INFO  com.boc.android.InitAndroidDriver 46 createDriver - åŠ è½½driveræˆåŠŸ
2015-08-16 at 19:33:50 CST INFO  com.boc.binfengshenghuoTest.Page.WelcomePage 26 <init> - æˆåŠŸè¿›å…¥WelcomPageç•Œé¢
2015-08-16 at 19:33:52 CST INFO  com.boc.android.AndroidDriverApi 94 findElementByName - æ‰¾åˆ°æ§ä»¶ï¼šå–æ¶ˆ
2015-08-16 at 19:33:56 CST INFO  com.boc.binfengshenghuoTest.Page.WelcomePage 44 enterHomePageQuXiao - å‡†å¤‡è¿›å…¥HomePage
2015-08-16 at 19:33:56 CST INFO  com.boc.binfengshenghuoTest.Page.BinFengHomePage 48 <init> - åˆå§‹åŒ–HomePageå…ƒç´ æˆåŠŸ
2015-08-16 at 19:33:56 CST INFO  com.boc.android.AndroidDriverApi 94 findElementByName - æ‰¾åˆ°æ§ä»¶ï¼šé‡‘èæœåŠ¡
2015-08-16 at 19:33:56 CST INFO  com.boc.binfengshenghuoTest.Page.BinFengHomePage 64 clickJinrongFuwu - å‡†å¤‡è¿›å…¥JinRongFuWuç±»
2015-08-16 at 19:33:56 CST INFO  com.boc.binfengshenghuoTest.Page.JinRongFuWu 19 <init> - åŠ è½½JinRongFuWuç±»æˆåŠŸ
2015-08-16 at 19:34:57 CST INFO  com.boc.utils.ParseProperty 29 loadProperties - åŠ è½½    D:\eclipse workspace\ZhongYinYiShang\src\main\resources\config.propertiesæˆåŠŸ
2015-08-16 at 19:35:12 CST INFO  com.boc.android.AndroidDriverApi 46 <init> - appium serverå¯åŠ¨æˆåŠŸï¼Œurlä¸ºï¼šhttp://127.0.0.1:4723/wd/hub
2015-08-16 at 19:35:12 CST INFO  com.boc.android.InitAndroidDriver 46 createDriver - åŠ è½½driveræˆåŠŸ
2015-08-16 at 19:35:12 CST INFO  com.boc.binfengshenghuoTest.Page.WelcomePage 26 <init> - æˆåŠŸè¿›å…¥WelcomPageç•Œé¢
2015-08-16 at 19:35:15 CST INFO  com.boc.android.AndroidDriverApi 94 findElementByName - æ‰¾åˆ°æ§ä»¶ï¼šå–æ¶ˆ
2015-08-16 at 19:35:18 CST INFO  com.boc.binfengshenghuoTest.Page.WelcomePage 44 enterHomePageQuXiao - å‡†å¤‡è¿›å…¥HomePage
2015-08-16 at 19:35:18 CST INFO  com.boc.binfengshenghuoTest.Page.BinFengHomePage 48 <init> - åˆå§‹åŒ–HomePageå…ƒç´ æˆåŠŸ
2015-08-16 at 19:35:18 CST INFO  com.boc.android.AndroidDriverApi 94 findElementByName - æ‰¾åˆ°æ§ä»¶ï¼šé‡‘èæœåŠ¡
2015-08-16 at 19:35:19 CST INFO  com.boc.binfengshenghuoTest.Page.BinFengHomePage 64 clickJinrongFuwu - å‡†å¤‡è¿›å…¥JinRongFuWuç±»
2015-08-16 at 19:35:19 CST INFO  com.boc.binfengshenghuoTest.Page.JinRongFuWu 19 <init> - åŠ è½½JinRongFuWuç±»æˆåŠŸ
2015-08-16 at 19:35:41 CST INFO  com.boc.android.AndroidDriverApi 94 findElementByName - æ‰¾åˆ°æ§ä»¶ï¼šäºŒç»´ç ä¼˜æƒ 
2015-08-16 at 19:38:03 CST INFO  com.boc.utils.ParseProperty 29 loadProperties - åŠ è½½    D:\eclipse workspace\ZhongYinYiShang\src\main\resources\config.propertiesæˆåŠŸ
2015-08-16 at 19:38:19 CST INFO  com.boc.android.AndroidDriverApi 46 <init> - appium serverå¯åŠ¨æˆåŠŸï¼Œurlä¸ºï¼šhttp://127.0.0.1:4723/wd/hub
2015-08-16 at 19:38:19 CST INFO  com.boc.android.InitAndroidDriver 46 createDriver - åŠ è½½driveræˆåŠŸ
2015-08-16 at 19:38:20 CST INFO  com.boc.binfengshenghuoTest.Page.WelcomePage 26 <init> - æˆåŠŸè¿›å…¥WelcomPageç•Œé¢
2015-08-16 at 19:38:24 CST INFO  com.boc.android.AndroidDriverApi 94 findElementByName - æ‰¾åˆ°æ§ä»¶ï¼šå–æ¶ˆ
2015-08-16 at 19:38:27 CST INFO  com.boc.binfengshenghuoTest.Page.WelcomePage 44 enterHomePageQuXiao - å‡†å¤‡è¿›å…¥HomePage
2015-08-16 at 19:38:27 CST INFO  com.boc.binfengshenghuoTest.Page.BinFengHomePage 48 <init> - åˆå§‹åŒ–HomePageå…ƒç´ æˆåŠŸ
2015-08-16 at 19:38:28 CST INFO  com.boc.android.AndroidDriverApi 94 findElementByName - æ‰¾åˆ°æ§ä»¶ï¼šé‡‘èæœåŠ¡
2015-08-16 at 19:38:28 CST INFO  com.boc.binfengshenghuoTest.Page.BinFengHomePage 64 clickJinrongFuwu - å‡†å¤‡è¿›å…¥JinRongFuWuç±»
2015-08-16 at 19:38:28 CST INFO  com.boc.binfengshenghuoTest.Page.JinRongFuWu 19 <init> - åŠ è½½JinRongFuWuç±»æˆåŠŸ
2015-08-16 at 19:38:50 CST INFO  com.boc.android.AndroidDriverApi 94 findElementByName - æ‰¾åˆ°æ§ä»¶ï¼šäºŒç»´ç ä¼˜æƒ 
2015-08-16 at 19:38:50 CST INFO  com.boc.binfengshenghuoTest.Page.JinRongFuWu 26 geterweimayouhuiValue - è·å–åˆ°å…ƒç´ å€¼äºŒç»´ç ä¼˜æƒ 
2015-08-16 at 19:38:50 CST INFO  com.boc.android.AndroidDriverApi 94 findElementByName - æ‰¾åˆ°æ§ä»¶ï¼šäºŒç»´ç ä¼˜æƒ 
2015-08-19 at 09:33:27 CST INFO  com.boc.utils.ParseProperty 29 loadProperties - åŠ è½½    D:\eclipse workspace\ZhongYinYiShang\src\main\resources\config.propertiesæˆåŠŸ
2015-08-19 at 09:33:46 CST INFO  com.boc.android.AndroidDriverApi 46 <init> - appium serverå¯åŠ¨æˆåŠŸï¼Œurlä¸ºï¼šhttp://127.0.0.1:4723/wd/hub
2015-08-19 at 09:33:46 CST INFO  com.boc.android.InitAndroidDriver 46 createDriver - åŠ è½½driveræˆåŠŸ
2015-08-19 at 09:33:46 CST INFO  com.boc.binfengshenghuoTest.Page.WelcomePage 26 <init> - æˆåŠŸè¿›å…¥WelcomPageç•Œé¢
2015-08-19 at 09:33:49 CST INFO  com.boc.android.AndroidDriverApi 94 findElementByName - æ‰¾åˆ°æ§ä»¶ï¼šå–æ¶ˆ
2015-08-19 at 09:33:52 CST INFO  com.boc.binfengshenghuoTest.Page.WelcomePage 44 enterHomePageQuXiao - å‡†å¤‡è¿›å…¥HomePage
2015-08-19 at 09:33:52 CST INFO  com.boc.binfengshenghuoTest.Page.BinFengHomePage 48 <init> - åˆå§‹åŒ–HomePageå…ƒç´ æˆåŠŸ
2015-08-19 at 09:33:54 CST INFO  com.boc.android.AndroidDriverApi 94 findElementByName - æ‰¾åˆ°æ§ä»¶ï¼šé‡‘èæœåŠ¡
2015-08-19 at 09:33:55 CST INFO  com.boc.binfengshenghuoTest.Page.BinFengHomePage 64 clickJinrongFuwu - å‡†å¤‡è¿›å…¥JinRongFuWuç±»
2015-08-19 at 09:33:55 CST INFO  com.boc.binfengshenghuoTest.Page.JinRongFuWu 19 <init> - åŠ è½½JinRongFuWuç±»æˆåŠŸ
2015-08-19 at 09:34:11 CST INFO  com.boc.android.AndroidDriverApi 94 findElementByName - æ‰¾åˆ°æ§ä»¶ï¼šäºŒç»´ç ä¼˜æƒ 
2015-08-19 at 09:34:11 CST INFO  com.boc.binfengshenghuoTest.Page.JinRongFuWu 26 geterweimayouhuiValue - è·å–åˆ°å…ƒç´ å€¼äºŒç»´ç ä¼˜æƒ 
2015-08-19 at 09:34:11 CST INFO  com.boc.android.AndroidDriverApi 94 findElementByName - æ‰¾åˆ°æ§ä»¶ï¼šäºŒç»´ç ä¼˜æƒ 
2015-08-26 at 20:28:38 CST INFO  com.boc.utils.ParseProperty 29 loadProperties - åŠ è½½    D:\eclipse workspace\ZhongYinYiShang\src\main\resources\config.propertiesæˆåŠŸ
2015-08-26 at 20:29:12 CST INFO  com.boc.utils.ParseProperty 30 loadProperties - åŠ è½½    D:\eclipse workspace\ZhongYinYiShang\src\main\resources\config.propertiesæˆåŠŸ
